<?xml version="1.0" encoding="UTF-8"?>
<testng-results ignored="0" total="1" passed="1" failed="0" skipped="0">
  <reporter-output>
  </reporter-output>
  <suite started-at="2024-08-26T20:14:29 IST" name="Suite" finished-at="2024-08-26T20:15:26 IST" duration-ms="56386">
    <groups>
    </groups>
    <test started-at="2024-08-26T20:14:29 IST" name="Test" finished-at="2024-08-26T20:15:26 IST" duration-ms="56386">
      <class name="com.eautotest.testcases.PaymentTestCase">
        <test-method is-config="true" signature="setUp()[pri:0, instance:com.eautotest.testcases.PaymentTestCase@117159c0]" started-at="2024-08-26T20:14:30 IST" name="setUp" finished-at="2024-08-26T20:15:11 IST" duration-ms="41155" status="PASS">
          <reporter-output>
          </reporter-output>
        </test-method> <!-- setUp -->
        <test-method signature="testcourses()[pri:1, instance:com.eautotest.testcases.PaymentTestCase@117159c0]" started-at="2024-08-26T20:15:11 IST" name="testcourses" finished-at="2024-08-26T20:15:25 IST" duration-ms="14187" status="PASS">
          <reporter-output>
          </reporter-output>
        </test-method> <!-- testcourses -->
        <test-method is-config="true" signature="tearDown()[pri:0, instance:com.eautotest.testcases.PaymentTestCase@117159c0]" started-at="2024-08-26T20:15:25 IST" name="tearDown" finished-at="2024-08-26T20:15:26 IST" duration-ms="494" status="PASS">
          <reporter-output>
          </reporter-output>
        </test-method> <!-- tearDown -->
      </class> <!-- com.eautotest.testcases.PaymentTestCase -->
    </test> <!-- Test -->
  </suite> <!-- Suite -->
</testng-results>
